Using pre-set license
Built from '2020.2/staging' branch; Version is '2020.2.3f1 (8ff31bc5bf5b) revision 9433883'; Using compiler version '192528614'; Build Type 'Release'
OS: 'Windows 10 Home; OS build 18363.1379; Version 1909; 64bit' Language: 'en' Physical Memory: 16332 MB
BatchMode: 1, IsHumanControllingUs: 0, StartBugReporterOnCrash: 0, Is64bit: 1, IsPro: 0

 COMMAND LINE ARGUMENTS:
C:\Program Files\Unity\Hub\Editor\2020.2.3f1\Editor\Unity.exe
-adb2
-batchMode
-noUpm
-name
AssetImportWorker0
-projectPath
D:/Unity/Flocking
-logFile
Logs/AssetImportWorker0.log
-srvPort
62002
Successfully changed project path to: D:/Unity/Flocking
D:/Unity/Flocking
Using Asset Import Pipeline V2.
Refreshing native plugins compatible for Editor in 35.34 ms, found 1 plugins.
Preloading 0 native plugins for Editor in 0.00 ms.
Initialize engine version: 2020.2.3f1 (8ff31bc5bf5b)
[Subsystems] Discovering subsystems at path C:/Program Files/Unity/Hub/Editor/2020.2.3f1/Editor/Data/Resources/UnitySubsystems
[Subsystems] Discovering subsystems at path D:/Unity/Flocking/Assets
GfxDevice: creating device client; threaded=0
Direct3D:
    Version:  Direct3D 11.0 [level 11.1]
    Renderer: NVIDIA GeForce RTX 2060 (ID=0x1f08)
    Vendor:   
    VRAM:     5980 MB
    Driver:   27.21.14.6140
Initialize mono
Mono path[0] = 'C:/Program Files/Unity/Hub/Editor/2020.2.3f1/Editor/Data/Managed'
Mono path[1] = 'C:/Program Files/Unity/Hub/Editor/2020.2.3f1/Editor/Data/MonoBleedingEdge/lib/mono/unityjit'
Mono config path = 'C:/Program Files/Unity/Hub/Editor/2020.2.3f1/Editor/Data/MonoBleedingEdge/etc'
Using monoOptions --debugger-agent=transport=dt_socket,embedding=1,server=y,suspend=n,address=127.0.0.1:56328
Begin MonoManager ReloadAssembly
Registering precompiled unity dll's ...
Register platform support module: C:/Program Files/Unity/Hub/Editor/2020.2.3f1/Editor/Data/PlaybackEngines/WindowsStandaloneSupport/UnityEditor.WindowsStandalone.Extensions.dll
Registered in 0.001752 seconds.
Native extension for WindowsStandalone target not found
Refreshing native plugins compatible for Editor in 36.08 ms, found 1 plugins.
Preloading 0 native plugins for Editor in 0.00 ms.
Invoked RoslynAnalysisRunner static constructor.
RoslynAnalysisRunner will not be running.
RoslynAnalysisRunner has terminated.
Mono: successfully reloaded assembly
- Completed reload, in  1.062 seconds
Platform modules already initialized, skipping
Registering precompiled user dll's ...
Registered in 0.000716 seconds.
Begin MonoManager ReloadAssembly
Native extension for WindowsStandalone target not found
Refreshing native plugins compatible for Editor in 38.65 ms, found 1 plugins.
Preloading 0 native plugins for Editor in 0.00 ms.
Invoked RoslynAnalysisRunner static constructor.
RoslynAnalysisRunner will not be running.
RoslynAnalysisRunner has terminated.
Mono: successfully reloaded assembly
- Completed reload, in  1.021 seconds
Platform modules already initialized, skipping
========================================================================
Worker process is ready to serve import requests
Launched and connected shader compiler UnityShaderCompiler.exe after 0.06 seconds
Refreshing native plugins compatible for Editor in 0.32 ms, found 1 plugins.
Preloading 0 native plugins for Editor in 0.00 ms.
Unloading 1806 Unused Serialized files (Serialized files now loaded: 0)
System memory in use before: 84.6 MB.
System memory in use after: 84.5 MB.

Unloading 24 unused Assets to reduce memory usage. Loaded Objects now: 2248.
Total: 2.035500 ms (FindLiveObjects: 0.184700 ms CreateObjectMapping: 0.088400 ms MarkObjects: 1.636900 ms  DeleteObjects: 0.124300 ms)

========================================================================
Received Import Request.
  path: Assets/Flocking/Flock.cs
  artifactKey: Guid(0f6866cf0ff7aef47b16c9a9fc634446) Importer(815301076,1909f56bfc062723c751e8b465ee728b)
Start importing Assets/Flocking/Flock.cs using Guid(0f6866cf0ff7aef47b16c9a9fc634446) Importer(815301076,1909f56bfc062723c751e8b465ee728b)  -> (artifact id: '886dac0e308f17c0d39af8c37e8e8459') in 0.019283 seconds
  Import took 0.021922 seconds .

========================================================================
Received Import Request.
  Time since last request: 305.834213 seconds.
  path: Assets/Behaviour Objects/Default Flock Behaviour.asset
  artifactKey: Guid(cffaf69727a741145bf8fb929cb66475) Importer(815301076,1909f56bfc062723c751e8b465ee728b)
Start importing Assets/Behaviour Objects/Default Flock Behaviour.asset using Guid(cffaf69727a741145bf8fb929cb66475) Importer(815301076,1909f56bfc062723c751e8b465ee728b)  -> (artifact id: 'b652e719c817968ceb95b4bfc6afa29e') in 0.027205 seconds
  Import took 0.030740 seconds .

========================================================================
Received Import Request.
  Time since last request: 0.367238 seconds.
  path: Assets/Behaviour Objects/Cohesion.asset
  artifactKey: Guid(711b3665005e72f408e82434164959f1) Importer(815301076,1909f56bfc062723c751e8b465ee728b)
Start importing Assets/Behaviour Objects/Cohesion.asset using Guid(711b3665005e72f408e82434164959f1) Importer(815301076,1909f56bfc062723c751e8b465ee728b)  -> (artifact id: 'b54658b16c44d62b58af8d0ab2cf3b59') in 0.005641 seconds
  Import took 0.008715 seconds .

========================================================================
Received Import Request.
  Time since last request: 4.295918 seconds.
  path: Assets/Behaviour Objects/Steered Cohesion.asset
  artifactKey: Guid(a2407eb41b915bf4681350878a88f040) Importer(815301076,1909f56bfc062723c751e8b465ee728b)
Start importing Assets/Behaviour Objects/Steered Cohesion.asset using Guid(a2407eb41b915bf4681350878a88f040) Importer(815301076,1909f56bfc062723c751e8b465ee728b)  -> (artifact id: '780873ec99c343ab1036e2597b22d0fe') in 0.003299 seconds
  Import took 0.005976 seconds .

========================================================================
Received Import Request.
  Time since last request: 1099.740200 seconds.
  path: Assets/Behaviour Objects/Avoid Obstacles.asset
  artifactKey: Guid(642282a26e456484eb6d5095eaec5140) Importer(815301076,1909f56bfc062723c751e8b465ee728b)
Start importing Assets/Behaviour Objects/Avoid Obstacles.asset using Guid(642282a26e456484eb6d5095eaec5140) Importer(815301076,1909f56bfc062723c751e8b465ee728b)  -> (artifact id: '278f040e01268e43c7aa0749967fe447') in 0.007877 seconds
  Import took 0.011361 seconds .

========================================================================
Received Import Request.
  Time since last request: 34.804908 seconds.
  path: Assets/ContextFilter.cs
  artifactKey: Guid(0a814dc4b934a9f46b6bc8af6853a5ab) Importer(815301076,1909f56bfc062723c751e8b465ee728b)
Start importing Assets/ContextFilter.cs using Guid(0a814dc4b934a9f46b6bc8af6853a5ab) Importer(815301076,1909f56bfc062723c751e8b465ee728b)  -> (artifact id: 'a5a47d3a52e64c11398bcc2627e08073') in 0.005099 seconds
  Import took 0.007668 seconds .

========================================================================
Received Prepare
Registering precompiled user dll's ...
Registered in 0.000732 seconds.
Begin MonoManager ReloadAssembly
Native extension for WindowsStandalone target not found
Refreshing native plugins compatible for Editor in 0.36 ms, found 1 plugins.
Preloading 0 native plugins for Editor in 0.00 ms.
Invoked RoslynAnalysisRunner static constructor.
RoslynAnalysisRunner will not be running.
RoslynAnalysisRunner has terminated.
Mono: successfully reloaded assembly
- Completed reload, in  0.786 seconds
Platform modules already initialized, skipping
Refreshing native plugins compatible for Editor in 0.31 ms, found 1 plugins.
Preloading 0 native plugins for Editor in 0.00 ms.
Unloading 1801 Unused Serialized files (Serialized files now loaded: 0)
System memory in use before: 84.5 MB.
System memory in use after: 84.5 MB.

Unloading 12 unused Assets to reduce memory usage. Loaded Objects now: 2251.
Total: 1.758800 ms (FindLiveObjects: 0.158400 ms CreateObjectMapping: 0.055500 ms MarkObjects: 1.456600 ms  DeleteObjects: 0.087400 ms)

========================================================================
Received Prepare
Registering precompiled user dll's ...
Registered in 0.000669 seconds.
Begin MonoManager ReloadAssembly
Native extension for WindowsStandalone target not found
Refreshing native plugins compatible for Editor in 0.32 ms, found 1 plugins.
Preloading 0 native plugins for Editor in 0.00 ms.
Invoked RoslynAnalysisRunner static constructor.
RoslynAnalysisRunner will not be running.
RoslynAnalysisRunner has terminated.
Mono: successfully reloaded assembly
- Completed reload, in  0.745 seconds
Platform modules already initialized, skipping
Refreshing native plugins compatible for Editor in 0.31 ms, found 1 plugins.
Preloading 0 native plugins for Editor in 0.00 ms.
Unloading 1801 Unused Serialized files (Serialized files now loaded: 0)
System memory in use before: 84.6 MB.
System memory in use after: 84.6 MB.

Unloading 12 unused Assets to reduce memory usage. Loaded Objects now: 2254.
Total: 2.263800 ms (FindLiveObjects: 0.239800 ms CreateObjectMapping: 0.062700 ms MarkObjects: 1.858300 ms  DeleteObjects: 0.101700 ms)

AssetImportWorkerClient::OnTransportError - code=2 error=End of file
