Using pre-set license
Built from '2020.2/staging' branch; Version is '2020.2.3f1 (8ff31bc5bf5b) revision 9433883'; Using compiler version '192528614'; Build Type 'Release'
OS: 'Windows 10 Home; OS build 18363.1500; Version 1909; 64bit' Language: 'en' Physical Memory: 16332 MB
BatchMode: 1, IsHumanControllingUs: 0, StartBugReporterOnCrash: 0, Is64bit: 1, IsPro: 0

 COMMAND LINE ARGUMENTS:
C:\Program Files\Unity\Hub\Editor\2020.2.3f1\Editor\Unity.exe
-adb2
-batchMode
-noUpm
-name
AssetImportWorker0
-projectPath
D:/Unity/flocking 3d
-logFile
Logs/AssetImportWorker0.log
-srvPort
50673
Successfully changed project path to: D:/Unity/flocking 3d
D:/Unity/flocking 3d
Using Asset Import Pipeline V2.
Refreshing native plugins compatible for Editor in 23.68 ms, found 0 plugins.
Preloading 0 native plugins for Editor in 0.00 ms.
Initialize engine version: 2020.2.3f1 (8ff31bc5bf5b)
[Subsystems] Discovering subsystems at path C:/Program Files/Unity/Hub/Editor/2020.2.3f1/Editor/Data/Resources/UnitySubsystems
[Subsystems] Discovering subsystems at path D:/Unity/flocking 3d/Assets
GfxDevice: creating device client; threaded=0
Direct3D:
    Version:  Direct3D 11.0 [level 11.1]
    Renderer: NVIDIA GeForce RTX 2060 (ID=0x1f08)
    Vendor:   
    VRAM:     5980 MB
    Driver:   27.21.14.6611
Initialize mono
Mono path[0] = 'C:/Program Files/Unity/Hub/Editor/2020.2.3f1/Editor/Data/Managed'
Mono path[1] = 'C:/Program Files/Unity/Hub/Editor/2020.2.3f1/Editor/Data/MonoBleedingEdge/lib/mono/unityjit'
Mono config path = 'C:/Program Files/Unity/Hub/Editor/2020.2.3f1/Editor/Data/MonoBleedingEdge/etc'
Using monoOptions --debugger-agent=transport=dt_socket,embedding=1,server=y,suspend=n,address=127.0.0.1:56180
Begin MonoManager ReloadAssembly
Registering precompiled unity dll's ...
Register platform support module: C:/Program Files/Unity/Hub/Editor/2020.2.3f1/Editor/Data/PlaybackEngines/WindowsStandaloneSupport/UnityEditor.WindowsStandalone.Extensions.dll
Registered in 0.001723 seconds.
Native extension for WindowsStandalone target not found
Refreshing native plugins compatible for Editor in 58.52 ms, found 0 plugins.
Preloading 0 native plugins for Editor in 0.00 ms.
Invoked RoslynAnalysisRunner static constructor.
RoslynAnalysisRunner will not be running.
RoslynAnalysisRunner has terminated.
Mono: successfully reloaded assembly
- Completed reload, in  1.097 seconds
Platform modules already initialized, skipping
Registering precompiled user dll's ...
Registered in 0.000468 seconds.
Begin MonoManager ReloadAssembly
Native extension for WindowsStandalone target not found
Refreshing native plugins compatible for Editor in 0.18 ms, found 0 plugins.
Preloading 0 native plugins for Editor in 0.00 ms.
Invoked RoslynAnalysisRunner static constructor.
RoslynAnalysisRunner will not be running.
RoslynAnalysisRunner has terminated.
Mono: successfully reloaded assembly
- Completed reload, in  0.768 seconds
Platform modules already initialized, skipping
========================================================================
Worker process is ready to serve import requests
Launched and connected shader compiler UnityShaderCompiler.exe after 0.05 seconds
Refreshing native plugins compatible for Editor in 0.19 ms, found 0 plugins.
Preloading 0 native plugins for Editor in 0.00 ms.
Unloading 1113 Unused Serialized files (Serialized files now loaded: 0)
System memory in use before: 58.2 MB.
System memory in use after: 58.3 MB.

Unloading 10 unused Assets to reduce memory usage. Loaded Objects now: 1561.
Total: 2.199300 ms (FindLiveObjects: 0.153400 ms CreateObjectMapping: 0.161200 ms MarkObjects: 1.792500 ms  DeleteObjects: 0.091200 ms)

========================================================================
Received Import Request.
  path: Assets/Flocking/Behaviour Objects/OrangeFlockBehaviour.asset
  artifactKey: Guid(b8c61c0e97e8a9c4589ccff5660e94d9) Importer(815301076,1909f56bfc062723c751e8b465ee728b)
Start importing Assets/Flocking/Behaviour Objects/OrangeFlockBehaviour.asset using Guid(b8c61c0e97e8a9c4589ccff5660e94d9) Importer(815301076,1909f56bfc062723c751e8b465ee728b)  -> (artifact id: '7547db29450c5d3cb58857d521882eb7') in 0.033337 seconds
  Import took 0.035121 seconds .

========================================================================
Received Import Request.
  Time since last request: 0.000286 seconds.
  path: Assets/Flocking/Behaviour Objects/Default Flock Behaviour.asset
  artifactKey: Guid(cffaf69727a741145bf8fb929cb66475) Importer(815301076,1909f56bfc062723c751e8b465ee728b)
Start importing Assets/Flocking/Behaviour Objects/Default Flock Behaviour.asset using Guid(cffaf69727a741145bf8fb929cb66475) Importer(815301076,1909f56bfc062723c751e8b465ee728b)  -> (artifact id: '3797a1774f5a7108e6b2f95a5a3a640c') in 0.008748 seconds
  Import took 0.010371 seconds .

========================================================================
Received Import Request.
  Time since last request: 0.000231 seconds.
  path: Assets/Flocking/Behaviour Objects/Steered Cohesion.asset
  artifactKey: Guid(a2407eb41b915bf4681350878a88f040) Importer(815301076,1909f56bfc062723c751e8b465ee728b)
Start importing Assets/Flocking/Behaviour Objects/Steered Cohesion.asset using Guid(a2407eb41b915bf4681350878a88f040) Importer(815301076,1909f56bfc062723c751e8b465ee728b)  -> (artifact id: '780873ec99c343ab1036e2597b22d0fe') in 0.012331 seconds
  Import took 0.014086 seconds .

